<?xml version="1.0" encoding="UTF-8"?>
<robot generator="Robot 4.0.3 (Python 3.9.6 on win32)" generated="20210721 11:15:54.173" rpa="false" schemaversion="2">
<suite id="s1" name="Correios" source="C:\Users\Thiago\Desktop\Robot\Práticas\correios.robot">
<test id="s1-t1" name="Abrir navegador">
<kw name="Open Browser" library="SeleniumLibrary">
<arg>https://www2.correios.com.br/sistemas/rastreamento/default.cfm</arg>
<arg>chrome</arg>
<doc>Opens a new browser instance to the optional ``url``.</doc>
<msg timestamp="20210721 11:15:54.584" level="INFO">Opening browser 'chrome' to base url 'https://www2.correios.com.br/sistemas/rastreamento/default.cfm'.</msg>
<status status="PASS" starttime="20210721 11:15:54.584" endtime="20210721 11:15:58.276"/>
</kw>
<kw name="Wait Until Element Is Visible" library="SeleniumLibrary">
<arg>//img[@src='home2014/img/layout/logo.png']</arg>
<doc>Waits until the element ``locator`` is visible.</doc>
<status status="PASS" starttime="20210721 11:15:58.276" endtime="20210721 11:15:58.345"/>
</kw>
<status status="PASS" starttime="20210721 11:15:54.583" endtime="20210721 11:15:58.347"/>
</test>
<test id="s1-t2" name="Digitar código">
<kw name="Input Text" library="SeleniumLibrary">
<arg>//*[@id="objetos"]</arg>
<arg>NX198306965BR</arg>
<doc>Types the given ``text`` into the text field identified by ``locator``.</doc>
<msg timestamp="20210721 11:15:58.352" level="INFO">Typing text 'NX198306965BR' into text field '//*[@id="objetos"]'.</msg>
<status status="PASS" starttime="20210721 11:15:58.351" endtime="20210721 11:15:58.680"/>
</kw>
<kw name="Click Button" library="SeleniumLibrary">
<arg>//*[@id="btnPesq"]</arg>
<doc>Clicks the button identified by ``locator``.</doc>
<msg timestamp="20210721 11:15:58.681" level="INFO">Clicking button '//*[@id="btnPesq"]'.</msg>
<status status="PASS" starttime="20210721 11:15:58.681" endtime="20210721 11:16:04.379"/>
</kw>
<status status="PASS" starttime="20210721 11:15:58.350" endtime="20210721 11:16:04.385"/>
</test>
<test id="s1-t3" name="fechar navegador">
<kw name="Close Browser" library="SeleniumLibrary">
<doc>Closes the current browser.</doc>
<status status="PASS" starttime="20210721 11:16:04.462" endtime="20210721 11:16:07.202"/>
</kw>
<status status="PASS" starttime="20210721 11:16:04.387" endtime="20210721 11:16:07.203"/>
</test>
<doc>Teste Correios</doc>
<status status="PASS" starttime="20210721 11:15:54.180" endtime="20210721 11:16:07.204"/>
</suite>
<statistics>
<total>
<stat pass="3" fail="0" skip="0">All Tests</stat>
</total>
<tag>
</tag>
<suite>
<stat pass="3" fail="0" skip="0" id="s1" name="Correios">Correios</stat>
</suite>
</statistics>
<errors>
</errors>
</robot>
