<?xml version="1.0" encoding="UTF-8"?>
<robot generator="Robot 4.0.3 (Python 3.9.6 on win32)" generated="20210702 23:25:43.864" rpa="false" schemaversion="2">
<suite id="s1" name="TestSitePractice" source="C:\Users\Thiago\Documents\Projetos\SuitSiteTestePractice\Testes\TestSitePractice.robot">
<test id="s1-t1" name="Caso de teste 02: Pesquisa produto não existente">
<kw name="Abrir navegador" library="ResourceTeste" type="SETUP">
<kw name="Open Browser" library="SeleniumLibrary">
<arg>${URL}</arg>
<arg>${BROWSER}</arg>
<doc>Opens a new browser instance to the optional ``url``.</doc>
<msg timestamp="20210702 23:25:44.089" level="INFO">Opening browser 'Chrome' to base url 'http://automationpractice.com/'.</msg>
<status status="PASS" starttime="20210702 23:25:44.088" endtime="20210702 23:25:48.837"/>
</kw>
<status status="PASS" starttime="20210702 23:25:44.088" endtime="20210702 23:25:48.838"/>
</kw>
<kw name="Acessar página do site" library="ResourceTeste">
<kw name="Title Should Be" library="SeleniumLibrary">
<arg>My Store</arg>
<doc>Verifies that the current page title equals ``title``.</doc>
<msg timestamp="20210702 23:25:48.846" level="INFO">Page title is 'My Store'.</msg>
<status status="PASS" starttime="20210702 23:25:48.840" endtime="20210702 23:25:48.846"/>
</kw>
<status status="PASS" starttime="20210702 23:25:48.839" endtime="20210702 23:25:48.846"/>
</kw>
<kw name="Digitar o nome de produto &quot;ItemNãoExistente&quot; no campo de Pesquisa" library="ResourceTeste" sourcename="Digitar o nome de produto ${PRODUTO} no campo de Pesquisa">
<kw name="Input Text" library="SeleniumLibrary">
<arg>id=search_query_top</arg>
<arg>${PRODUTO}</arg>
<doc>Types the given ``text`` into the text field identified by ``locator``.</doc>
<msg timestamp="20210702 23:25:48.848" level="INFO">Typing text '"ItemNãoExistente"' into text field 'id=search_query_top'.</msg>
<status status="PASS" starttime="20210702 23:25:48.847" endtime="20210702 23:25:48.995"/>
</kw>
<status status="PASS" starttime="20210702 23:25:48.847" endtime="20210702 23:25:48.995"/>
</kw>
<kw name="Clica no botão pesquisar" library="ResourceTeste">
<kw name="Click Button" library="SeleniumLibrary">
<arg>name=submit_search</arg>
<doc>Clicks the button identified by ``locator``.</doc>
<msg timestamp="20210702 23:25:48.997" level="INFO">Clicking button 'name=submit_search'.</msg>
<status status="PASS" starttime="20210702 23:25:48.996" endtime="20210702 23:25:49.943"/>
</kw>
<kw name="Wait Until Element Is Visible" library="SeleniumLibrary">
<arg>css=#center_column &gt; h1</arg>
<doc>Waits until the element ``locator`` is visible.</doc>
<status status="PASS" starttime="20210702 23:25:49.943" endtime="20210702 23:25:49.968"/>
</kw>
<kw name="Title Should Be" library="SeleniumLibrary">
<arg>Search - My Store</arg>
<doc>Verifies that the current page title equals ``title``.</doc>
<msg timestamp="20210702 23:25:49.975" level="INFO">Page title is 'Search - My Store'.</msg>
<status status="PASS" starttime="20210702 23:25:49.968" endtime="20210702 23:25:49.976"/>
</kw>
<status status="PASS" starttime="20210702 23:25:48.995" endtime="20210702 23:25:49.976"/>
</kw>
<kw name="Conferir mensagem de erro &quot;No results were found for your search &quot;ItemNãoExistente&quot;&quot;" library="ResourceTeste" sourcename="Conferir mensagem de erro ${MENSAGEM_ERRO}">
<kw name="Page Should Contain Element" library="SeleniumLibrary">
<arg>xpath=//*[@id="center_column"]/p[@class="alert alert-warning"]</arg>
<arg>${MENSAGEM_ERRO}</arg>
<doc>Verifies that element ``locator`` is found on the current page.</doc>
<msg timestamp="20210702 23:25:49.996" level="INFO">Current page contains element 'xpath=//*[@id="center_column"]/p[@class="alert alert-warning"]'.</msg>
<status status="PASS" starttime="20210702 23:25:49.977" endtime="20210702 23:25:49.996"/>
</kw>
<status status="PASS" starttime="20210702 23:25:49.976" endtime="20210702 23:25:49.996"/>
</kw>
<kw name="Fechar navegador" library="ResourceTeste" type="TEARDOWN">
<kw name="Close Browser" library="SeleniumLibrary">
<doc>Closes the current browser.</doc>
<status status="PASS" starttime="20210702 23:25:49.997" endtime="20210702 23:25:52.196"/>
</kw>
<status status="PASS" starttime="20210702 23:25:49.996" endtime="20210702 23:25:52.197"/>
</kw>
<status status="PASS" starttime="20210702 23:25:44.086" endtime="20210702 23:25:52.198"/>
</test>
<status status="PASS" starttime="20210702 23:25:43.866" endtime="20210702 23:25:52.200"/>
</suite>
<statistics>
<total>
<stat pass="1" fail="0" skip="0">All Tests</stat>
</total>
<tag>
</tag>
<suite>
<stat pass="1" fail="0" skip="0" id="s1" name="TestSitePractice">TestSitePractice</stat>
</suite>
</statistics>
<errors>
</errors>
</robot>
