<?xml version="1.0" encoding="UTF-8"?>
<robot generator="Robot 4.0.3 (Python 3.9.6 on win32)" generated="20210721 22:01:19.798" rpa="false" schemaversion="2">
<suite id="s1" name="Testecorreio" source="C:\Users\Thiago\Desktop\Robot\Práticas\Teste\testecorreio.robot">
<test id="s1-t1" name="Caso de teste 01: codigo com sucesso">
<kw name="Abrir navegador" library="resourcecorreios" type="SETUP">
<kw name="Open Browser" library="SeleniumLibrary">
<arg>https://www2.correios.com.br/sistemas/rastreamento/default.cfm</arg>
<arg>chrome</arg>
<doc>Opens a new browser instance to the optional ``url``.</doc>
<msg timestamp="20210721 22:01:19.997" level="INFO">Opening browser 'chrome' to base url 'https://www2.correios.com.br/sistemas/rastreamento/default.cfm'.</msg>
<status status="PASS" starttime="20210721 22:01:19.996" endtime="20210721 22:01:22.825"/>
</kw>
<kw name="Wait Until Element Is Visible" library="SeleniumLibrary">
<arg>//img[@src='home2014/img/layout/logo.png']</arg>
<doc>Waits until the element ``locator`` is visible.</doc>
<status status="PASS" starttime="20210721 22:01:22.826" endtime="20210721 22:01:22.846"/>
</kw>
<status status="PASS" starttime="20210721 22:01:19.996" endtime="20210721 22:01:22.846"/>
</kw>
<kw name="Digitar código &quot;NX198306965BR&quot;" library="resourcecorreios" sourcename="Digitar código &quot;${CODIGO}&quot;">
<kw name="Input Text" library="SeleniumLibrary">
<arg>//*[@id="objetos"]</arg>
<arg>"${CODIGO}"</arg>
<doc>Types the given ``text`` into the text field identified by ``locator``.</doc>
<msg timestamp="20210721 22:01:22.847" level="INFO">Typing text '"NX198306965BR"' into text field '//*[@id="objetos"]'.</msg>
<status status="PASS" starttime="20210721 22:01:22.847" endtime="20210721 22:01:22.936"/>
</kw>
<kw name="Click Button" library="SeleniumLibrary">
<arg>//*[@id="btnPesq"]</arg>
<doc>Clicks the button identified by ``locator``.</doc>
<msg timestamp="20210721 22:01:22.936" level="INFO">Clicking button '//*[@id="btnPesq"]'.</msg>
<status status="PASS" starttime="20210721 22:01:22.936" endtime="20210721 22:01:22.991"/>
</kw>
<status status="PASS" starttime="20210721 22:01:22.846" endtime="20210721 22:01:22.991"/>
</kw>
<kw name="Sleep" library="BuiltIn">
<arg>5</arg>
<doc>Pauses the test executed for the given time.</doc>
<msg timestamp="20210721 22:01:27.995" level="INFO">Slept 5 seconds</msg>
<status status="PASS" starttime="20210721 22:01:22.992" endtime="20210721 22:01:27.996"/>
</kw>
<kw name="Confirmação de sucesso" library="resourcecorreios">
<kw name="Page Should Contain Image" library="SeleniumLibrary">
<arg>//*[@id="imagemhidden"]/div[1]/img</arg>
<doc>Verifies image identified by ``locator`` is found from current page.</doc>
<kw name="Capture Page Screenshot" library="SeleniumLibrary">
<doc>Takes a screenshot of the current page and embeds it into a log file.</doc>
<msg timestamp="20210721 22:01:28.184" level="INFO" html="true">&lt;/td&gt;&lt;/tr&gt;&lt;tr&gt;&lt;td colspan="3"&gt;&lt;a href="selenium-screenshot-4.png"&gt;&lt;img src="selenium-screenshot-4.png" width="800px"&gt;&lt;/a&gt;</msg>
<status status="PASS" starttime="20210721 22:01:28.062" endtime="20210721 22:01:28.184"/>
</kw>
<msg timestamp="20210721 22:01:28.186" level="FAIL">Page should have contained image '//*[@id="imagemhidden"]/div[1]/img' but did not.</msg>
<status status="FAIL" starttime="20210721 22:01:27.999" endtime="20210721 22:01:28.186"/>
</kw>
<kw name="Page Should Contain Button" library="SeleniumLibrary">
<arg>css=body &gt; div.back &gt; div.tabs &gt; div:nth-child(2) &gt; div &gt; div &gt; div.column2 &gt; div.content.trescolunas &gt; div.ctrlcontent &gt; div.btnform &gt; button</arg>
<doc>Verifies button ``locator`` is found from current page.</doc>
<status status="NOT RUN" starttime="20210721 22:01:28.186" endtime="20210721 22:01:28.186"/>
</kw>
<kw name="Element Text Should Be" library="SeleniumLibrary">
<arg>//*[@id="UltimoEvento"]/strong</arg>
<arg>Objeto em trânsito - por favor aguarde</arg>
<doc>Verifies that element ``locator`` contains exact the text ``expected``.</doc>
<status status="NOT RUN" starttime="20210721 22:01:28.186" endtime="20210721 22:01:28.186"/>
</kw>
<status status="FAIL" starttime="20210721 22:01:27.997" endtime="20210721 22:01:28.186"/>
</kw>
<kw name="Fechar navegador" library="resourcecorreios" type="TEARDOWN">
<kw name="Close Browser" library="SeleniumLibrary">
<doc>Closes the current browser.</doc>
<status status="PASS" starttime="20210721 22:01:28.188" endtime="20210721 22:01:30.404"/>
</kw>
<status status="PASS" starttime="20210721 22:01:28.187" endtime="20210721 22:01:30.404"/>
</kw>
<status status="FAIL" starttime="20210721 22:01:19.995" endtime="20210721 22:01:30.406">Page should have contained image '//*[@id="imagemhidden"]/div[1]/img' but did not.</status>
</test>
<test id="s1-t2" name="Caso de teste 02: codigo com erro">
<kw name="Abrir navegador" library="resourcecorreios" type="SETUP">
<kw name="Open Browser" library="SeleniumLibrary">
<arg>https://www2.correios.com.br/sistemas/rastreamento/default.cfm</arg>
<arg>chrome</arg>
<doc>Opens a new browser instance to the optional ``url``.</doc>
<msg timestamp="20210721 22:01:30.419" level="INFO">Opening browser 'chrome' to base url 'https://www2.correios.com.br/sistemas/rastreamento/default.cfm'.</msg>
<status status="PASS" starttime="20210721 22:01:30.418" endtime="20210721 22:01:33.133"/>
</kw>
<kw name="Wait Until Element Is Visible" library="SeleniumLibrary">
<arg>//img[@src='home2014/img/layout/logo.png']</arg>
<doc>Waits until the element ``locator`` is visible.</doc>
<status status="PASS" starttime="20210721 22:01:33.133" endtime="20210721 22:01:33.152"/>
</kw>
<status status="PASS" starttime="20210721 22:01:30.414" endtime="20210721 22:01:33.153"/>
</kw>
<kw name="Digitar código &quot;huehuehue&quot;" library="resourcecorreios" sourcename="Digitar código &quot;${CODIGO}&quot;">
<kw name="Input Text" library="SeleniumLibrary">
<arg>//*[@id="objetos"]</arg>
<arg>"${CODIGO}"</arg>
<doc>Types the given ``text`` into the text field identified by ``locator``.</doc>
<msg timestamp="20210721 22:01:33.154" level="INFO">Typing text '"huehuehue"' into text field '//*[@id="objetos"]'.</msg>
<status status="PASS" starttime="20210721 22:01:33.154" endtime="20210721 22:01:33.244"/>
</kw>
<kw name="Click Button" library="SeleniumLibrary">
<arg>//*[@id="btnPesq"]</arg>
<doc>Clicks the button identified by ``locator``.</doc>
<msg timestamp="20210721 22:01:33.245" level="INFO">Clicking button '//*[@id="btnPesq"]'.</msg>
<status status="PASS" starttime="20210721 22:01:33.244" endtime="20210721 22:01:33.297"/>
</kw>
<status status="PASS" starttime="20210721 22:01:33.153" endtime="20210721 22:01:33.297"/>
</kw>
<kw name="Sleep" library="BuiltIn">
<arg>5</arg>
<doc>Pauses the test executed for the given time.</doc>
<msg timestamp="20210721 22:01:38.304" level="INFO">Slept 5 seconds</msg>
<status status="PASS" starttime="20210721 22:01:33.298" endtime="20210721 22:01:38.304"/>
</kw>
<kw name="Confirmação de erro" library="resourcecorreios">
<kw name="Page Should Contain Image" library="SeleniumLibrary">
<arg>//*[@id="infoMensagem"]/div/img</arg>
<doc>Verifies image identified by ``locator`` is found from current page.</doc>
<msg timestamp="20210721 22:01:38.351" level="INFO">Current page contains image '//*[@id="infoMensagem"]/div/img'.</msg>
<status status="PASS" starttime="20210721 22:01:38.307" endtime="20210721 22:01:38.351"/>
</kw>
<status status="PASS" starttime="20210721 22:01:38.305" endtime="20210721 22:01:38.351"/>
</kw>
<kw name="Fechar navegador" library="resourcecorreios" type="TEARDOWN">
<kw name="Close Browser" library="SeleniumLibrary">
<doc>Closes the current browser.</doc>
<status status="PASS" starttime="20210721 22:01:38.353" endtime="20210721 22:01:40.556"/>
</kw>
<status status="PASS" starttime="20210721 22:01:38.352" endtime="20210721 22:01:40.557"/>
</kw>
<status status="PASS" starttime="20210721 22:01:30.411" endtime="20210721 22:01:40.558"/>
</test>
<status status="FAIL" starttime="20210721 22:01:19.800" endtime="20210721 22:01:40.564"/>
</suite>
<statistics>
<total>
<stat pass="1" fail="1" skip="0">All Tests</stat>
</total>
<tag>
</tag>
<suite>
<stat pass="1" fail="1" skip="0" id="s1" name="Testecorreio">Testecorreio</stat>
</suite>
</statistics>
<errors>
</errors>
</robot>
